<?xml version="1.0" encoding="UTF-8"?>
<!-- Generated by org.testng.reporters.JUnitXMLReporter -->
<testsuite hostname="DESKTOP-EJOGMS5" ignored="2" name="Test" tests="2" failures="0" timestamp="08 Oct 2021 08:29:14 GMT" time="25.51" errors="0">
  <testcase name="EmailOutputBoxEnableOrNot" time="6.676" classname="com.crm.autodesk.tests.EmailOutputBoxEnableOrNotTest"/>
  <testcase name="RefranceBoxIsEnableOrNot" time="6.502" classname="com.crm.autodesk.tests.RefranceBoxIsEnableOrNotTest"/>
  <testcase name="@BeforeSuite coonectDb" time="0.0" classname="com.crm.vtiger.genericutility.BaseClass">
    <ignored/>
  </testcase> <!-- @BeforeSuite coonectDb -->
  <testcase name="@AfterSuite closeDB" time="0.0" classname="com.crm.vtiger.genericutility.BaseClass">
    <ignored/>
  </testcase> <!-- @AfterSuite closeDB -->
</testsuite> <!-- Test -->
